<?xml version="1.0" encoding="UTF-8"?>
<testng-results ignored="0" total="1" passed="1" failed="0" skipped="0">
  <reporter-output>
  </reporter-output>
  <suite started-at="2022-11-09T11:56:39 IST" name="Default suite" finished-at="2022-11-09T11:57:06 IST" duration-ms="26456">
    <groups>
    </groups>
    <test started-at="2022-11-09T11:56:39 IST" name="Default test" finished-at="2022-11-09T11:57:06 IST" duration-ms="26456">
      <class name="TestCases.VeryfyLogin">
        <test-method is-config="true" signature="launchURL()[pri:0, instance:TestCases.VeryfyLogin@1ab3a8c8]" started-at="2022-11-09T11:56:39 IST" name="launchURL" finished-at="2022-11-09T11:56:56 IST" duration-ms="16544" status="PASS">
          <reporter-output>
          </reporter-output>
        </test-method> <!-- launchURL -->
        <test-method signature="Login()[pri:0, instance:TestCases.VeryfyLogin@1ab3a8c8]" started-at="2022-11-09T11:56:56 IST" name="Login" finished-at="2022-11-09T11:57:06 IST" duration-ms="9797" status="PASS">
          <reporter-output>
          </reporter-output>
        </test-method> <!-- Login -->
      </class> <!-- TestCases.VeryfyLogin -->
    </test> <!-- Default test -->
  </suite> <!-- Default suite -->
</testng-results>
